00:54:13.631 DEBUG Cucumber Framework Development Program -*****LAUNCHING BROWSER*****
00:54:16.221 DEBUG Cucumber Framework Development Program -*****OPENING URL*****
00:54:18.540 DEBUG Cucumber Framework Development Program -*****ENTERING LOGIN CREDENTIALS*****
00:54:18.893 DEBUG Cucumber Framework Development Program -*****CLICKING LOGIN*****
00:54:26.948 DEBUG Cucumber Framework Development Program -*****USER VIEWED DASHBOARD*****
00:54:26.949 DEBUG Cucumber Framework Development Program -*****CLICKING CUSTOMERS MENU*****
00:54:29.091 DEBUG Cucumber Framework Development Program -*****CLICKKING CUSTOMERS MENU ITEM*****
00:54:33.126 DEBUG Cucumber Framework Development Program -*****CUSTOMER EMAIL ENTERED FOR SEARCH OPERATION*****
00:54:33.447 DEBUG Cucumber Framework Development Program -*****CLICKING SEARCH*****
00:54:35.654 DEBUG Cucumber Framework Development Program -*****CUSTOMER FOUND IN SEARCH RESULTS*****
00:54:35.655 DEBUG Cucumber Framework Development Program -*****CLOSING BROWSER*****
00:56:27.231 DEBUG Cucumber Framework Development Program -*****LAUNCHING BROWSER*****
00:56:29.664 DEBUG Cucumber Framework Development Program -*****OPENING URL*****
00:56:32.244 DEBUG Cucumber Framework Development Program -*****ENTERING LOGIN CREDENTIALS*****
00:56:32.589 DEBUG Cucumber Framework Development Program -*****CLICKING LOGIN*****
00:56:42.008 DEBUG Cucumber Framework Development Program -*****USER VIEWED DASHBOARD*****
00:56:42.009 DEBUG Cucumber Framework Development Program -*****CLICKING CUSTOMERS MENU*****
00:56:44.145 DEBUG Cucumber Framework Development Program -*****CLICKKING CUSTOMERS MENU ITEM*****
00:56:50.446 DEBUG Cucumber Framework Development Program -*****CLICKING ADD NEW BUTTON TO ADD CUSTOMER*****
00:56:56.810 DEBUG Cucumber Framework Development Program -*****ADD CUSTOMER PAGE OPENED*****
00:56:56.811 DEBUG Cucumber Framework Development Program -*****ENTERING INFO TO ADD NEW CUSTOMER*****
00:56:57.798 DEBUG Cucumber Framework Development Program -*****CLICKING SAVE*****
00:57:03.139 DEBUG Cucumber Framework Development Program -*****NEW CUSTOMER ADDED SUCCESSFULLY*****
00:57:03.140 DEBUG Cucumber Framework Development Program -*****CLOSING BROWSER*****
00:57:04.099 DEBUG Cucumber Framework Development Program -*****LAUNCHING BROWSER*****
00:57:05.684 DEBUG Cucumber Framework Development Program -*****OPENING URL*****
00:57:08.413 DEBUG Cucumber Framework Development Program -*****ENTERING LOGIN CREDENTIALS*****
00:57:08.686 DEBUG Cucumber Framework Development Program -*****CLICKING LOGIN*****
00:57:17.641 DEBUG Cucumber Framework Development Program -*****USER VIEWED DASHBOARD*****
00:57:17.642 DEBUG Cucumber Framework Development Program -*****CLICKING CUSTOMERS MENU*****
00:57:19.775 DEBUG Cucumber Framework Development Program -*****CLICKKING CUSTOMERS MENU ITEM*****
00:57:23.400 DEBUG Cucumber Framework Development Program -*****CUSTOMER EMAIL ENTERED FOR SEARCH OPERATION*****
00:57:23.659 DEBUG Cucumber Framework Development Program -*****CLICKING SEARCH*****
00:57:25.834 DEBUG Cucumber Framework Development Program -*****CUSTOMER FOUND IN SEARCH RESULTS*****
00:57:25.834 DEBUG Cucumber Framework Development Program -*****CLOSING BROWSER*****
01:19:20.356 DEBUG Cucumber Framework Development Program -*****LAUNCHING BROWSER*****
01:19:22.838 DEBUG Cucumber Framework Development Program -*****OPENING URL*****
01:19:25.241 DEBUG Cucumber Framework Development Program -*****ENTERING LOGIN CREDENTIALS*****
01:19:25.566 DEBUG Cucumber Framework Development Program -*****CLICKING LOGIN*****
01:20:13.777 DEBUG Cucumber Framework Development Program -*****USER VIEWED DASHBOARD*****
01:20:13.778 DEBUG Cucumber Framework Development Program -*****CLICKING CUSTOMERS MENU*****
01:20:15.884 DEBUG Cucumber Framework Development Program -*****CLICKKING CUSTOMERS MENU ITEM*****
01:20:20.373 DEBUG Cucumber Framework Development Program -*****CUSTOMER EMAIL ENTERED FOR SEARCH OPERATION*****
01:20:20.645 DEBUG Cucumber Framework Development Program -*****CLICKING SEARCH*****
01:23:47.795 DEBUG Cucumber Framework Development Program -*****LAUNCHING BROWSER*****
01:23:50.822 DEBUG Cucumber Framework Development Program -*****OPENING URL*****
01:23:53.199 DEBUG Cucumber Framework Development Program -*****ENTERING LOGIN CREDENTIALS*****
01:23:53.502 DEBUG Cucumber Framework Development Program -*****CLICKING LOGIN*****
01:24:00.491 DEBUG Cucumber Framework Development Program -*****USER VIEWED DASHBOARD*****
01:24:00.491 DEBUG Cucumber Framework Development Program -*****CLICKING CUSTOMERS MENU*****
01:24:02.642 DEBUG Cucumber Framework Development Program -*****CLICKKING CUSTOMERS MENU ITEM*****
01:24:07.428 DEBUG Cucumber Framework Development Program -*****CLICKING ADD NEW BUTTON TO ADD CUSTOMER*****
01:24:11.673 DEBUG Cucumber Framework Development Program -*****ADD CUSTOMER PAGE OPENED*****
01:24:11.674 DEBUG Cucumber Framework Development Program -*****ENTERING INFO TO ADD NEW CUSTOMER*****
01:24:12.661 DEBUG Cucumber Framework Development Program -*****CLICKING SAVE*****
01:24:18.857 DEBUG Cucumber Framework Development Program -*****NEW CUSTOMER ADDED SUCCESSFULLY*****
01:24:18.858 DEBUG Cucumber Framework Development Program -*****CLOSING BROWSER*****
01:24:19.758 DEBUG Cucumber Framework Development Program -*****LAUNCHING BROWSER*****
01:24:21.371 DEBUG Cucumber Framework Development Program -*****OPENING URL*****
01:24:23.731 DEBUG Cucumber Framework Development Program -*****ENTERING LOGIN CREDENTIALS*****
01:24:24.032 DEBUG Cucumber Framework Development Program -*****CLICKING LOGIN*****
01:24:32.941 DEBUG Cucumber Framework Development Program -*****USER VIEWED DASHBOARD*****
01:24:32.942 DEBUG Cucumber Framework Development Program -*****CLICKING CUSTOMERS MENU*****
01:24:35.050 DEBUG Cucumber Framework Development Program -*****CLICKKING CUSTOMERS MENU ITEM*****
01:24:39.622 DEBUG Cucumber Framework Development Program -*****CUSTOMER EMAIL ENTERED FOR SEARCH OPERATION*****
01:24:39.898 DEBUG Cucumber Framework Development Program -*****CLICKING SEARCH*****
01:25:43.146 DEBUG Cucumber Framework Development Program -*****LAUNCHING BROWSER*****
01:25:45.598 DEBUG Cucumber Framework Development Program -*****OPENING URL*****
01:25:47.824 DEBUG Cucumber Framework Development Program -*****ENTERING LOGIN CREDENTIALS*****
01:25:48.096 DEBUG Cucumber Framework Development Program -*****CLICKING LOGIN*****
01:25:55.549 DEBUG Cucumber Framework Development Program -*****USER VIEWED DASHBOARD*****
01:25:55.550 DEBUG Cucumber Framework Development Program -*****CLICKING CUSTOMERS MENU*****
01:25:57.641 DEBUG Cucumber Framework Development Program -*****CLICKKING CUSTOMERS MENU ITEM*****
01:26:02.331 DEBUG Cucumber Framework Development Program -*****CLICKING ADD NEW BUTTON TO ADD CUSTOMER*****
01:26:05.927 DEBUG Cucumber Framework Development Program -*****ADD CUSTOMER PAGE OPENED*****
01:26:05.928 DEBUG Cucumber Framework Development Program -*****ENTERING INFO TO ADD NEW CUSTOMER*****
01:26:06.960 DEBUG Cucumber Framework Development Program -*****CLICKING SAVE*****
01:26:10.772 DEBUG Cucumber Framework Development Program -*****NEW CUSTOMER ADDED SUCCESSFULLY*****
01:26:10.773 DEBUG Cucumber Framework Development Program -*****CLOSING BROWSER*****
01:29:20.554 DEBUG Cucumber Framework Development Program -*****INITIAL SETUP*****
01:29:20.566 DEBUG Cucumber Framework Development Program -*****LAUNCHING BROWSER*****
01:29:22.844 DEBUG Cucumber Framework Development Program -*****OPENING URL*****
01:29:25.658 DEBUG Cucumber Framework Development Program -*****ENTERING LOGIN CREDENTIALS*****
01:29:25.926 DEBUG Cucumber Framework Development Program -*****CLICKING LOGIN*****
01:29:35.126 DEBUG Cucumber Framework Development Program -*****USER VIEWED DASHBOARD*****
01:29:35.127 DEBUG Cucumber Framework Development Program -*****CLICKING CUSTOMERS MENU*****
01:29:37.248 DEBUG Cucumber Framework Development Program -*****CLICKKING CUSTOMERS MENU ITEM*****
01:29:41.290 DEBUG Cucumber Framework Development Program -*****CLICKING ADD NEW BUTTON TO ADD CUSTOMER*****
01:29:45.067 DEBUG Cucumber Framework Development Program -*****ADD CUSTOMER PAGE OPENED*****
01:29:45.068 DEBUG Cucumber Framework Development Program -*****ENTERING INFO TO ADD NEW CUSTOMER*****
01:29:46.092 DEBUG Cucumber Framework Development Program -*****CLICKING SAVE*****
01:29:51.596 DEBUG Cucumber Framework Development Program -*****NEW CUSTOMER ADDED SUCCESSFULLY*****
01:29:51.597 DEBUG Cucumber Framework Development Program -*****CLOSING BROWSER*****
01:32:31.473 DEBUG Cucumber Framework Development Program -*****INITIAL SETUP*****
01:32:31.500 DEBUG Cucumber Framework Development Program -*****LAUNCHING BROWSER*****
01:32:34.294 DEBUG Cucumber Framework Development Program -*****OPENING URL*****
01:32:36.897 DEBUG Cucumber Framework Development Program -*****ENTERING LOGIN CREDENTIALS*****
01:32:37.240 DEBUG Cucumber Framework Development Program -*****CLICKING LOGIN*****
01:32:45.292 DEBUG Cucumber Framework Development Program -*****USER VIEWED DASHBOARD*****
01:32:45.292 DEBUG Cucumber Framework Development Program -*****CLICKING CUSTOMERS MENU*****
01:32:47.410 DEBUG Cucumber Framework Development Program -*****CLICKKING CUSTOMERS MENU ITEM*****
01:32:51.358 DEBUG Cucumber Framework Development Program -*****CUSTOMER EMAIL ENTERED FOR SEARCH OPERATION*****
01:32:51.651 DEBUG Cucumber Framework Development Program -*****CLICKING SEARCH*****
01:32:53.823 INFO  Cucumber Framework Development Program -*****AFTER HOOK*****
